[2026-01-25 23:48:38.676] [http-nio-8081-exec-1] ========== 정산 배치 파일 리다이렉션 시작 ==========
[2026-01-25 23:48:38.677] [http-nio-8081-exec-1] >>> 정산 대상 월 (Param): 2025-12-01
[2026-01-25 23:48:42.328] [billing-thread-1] --- [Step 시작] workerStep:partition3 ---
[2026-01-25 23:48:42.330] [billing-thread-6] --- [Step 시작] workerStep:partition5 ---
[2026-01-25 23:48:42.357] [billing-thread-4] --- [Step 시작] workerStep:partition9 ---
[2026-01-25 23:48:42.364] [billing-thread-3] --- [Step 시작] workerStep:partition7 ---
[2026-01-25 23:48:42.376] [billing-thread-2] --- [Step 시작] workerStep:partition4 ---
[2026-01-25 23:48:42.385] [billing-thread-5] --- [Step 시작] workerStep:partition0 ---
[2026-01-25 23:48:42.392] [billing-thread-7] --- [Step 시작] workerStep:partition6 ---
[2026-01-25 23:48:42.402] [billing-thread-8] --- [Step 시작] workerStep:partition8 ---
[2026-01-25 23:48:42.410] [billing-thread-9] --- [Step 시작] workerStep:partition2 ---
[2026-01-25 23:48:42.452] [billing-thread-10] --- [Step 시작] workerStep:partition1 ---
[2026-01-25 23:53:15.926] [billing-thread-4] --- [Step 종료] workerStep:partition9 ---
[2026-01-25 23:53:15.933] [billing-thread-4] - 최종 상태: COMPLETED
[2026-01-25 23:53:16.222] [billing-thread-4] - 읽기 건수: 100000
[2026-01-25 23:53:16.223] [billing-thread-4] - 쓰기 성공: 100000
[2026-01-25 23:53:16.223] [billing-thread-4] - 스킵 건수: 0
[2026-01-25 23:53:21.337] [billing-thread-6] --- [Step 종료] workerStep:partition5 ---
[2026-01-25 23:53:21.337] [billing-thread-6] - 최종 상태: COMPLETED
[2026-01-25 23:53:21.337] [billing-thread-6] - 읽기 건수: 100000
[2026-01-25 23:53:21.337] [billing-thread-6] - 쓰기 성공: 100000
[2026-01-25 23:53:21.337] [billing-thread-6] - 스킵 건수: 0
[2026-01-25 23:53:21.350] [billing-thread-7] --- [Step 종료] workerStep:partition6 ---
[2026-01-25 23:53:21.350] [billing-thread-7] - 최종 상태: COMPLETED
[2026-01-25 23:53:21.350] [billing-thread-7] - 읽기 건수: 100000
[2026-01-25 23:53:21.350] [billing-thread-7] - 쓰기 성공: 100000
[2026-01-25 23:53:21.352] [billing-thread-7] - 스킵 건수: 0
[2026-01-25 23:53:21.467] [billing-thread-8] --- [Step 종료] workerStep:partition8 ---
[2026-01-25 23:53:21.467] [billing-thread-8] - 최종 상태: COMPLETED
[2026-01-25 23:53:21.467] [billing-thread-8] - 읽기 건수: 100000
[2026-01-25 23:53:21.468] [billing-thread-8] - 쓰기 성공: 100000
[2026-01-25 23:53:21.468] [billing-thread-8] - 스킵 건수: 0
[2026-01-25 23:53:21.506] [billing-thread-3] --- [Step 종료] workerStep:partition7 ---
[2026-01-25 23:53:21.506] [billing-thread-3] - 최종 상태: COMPLETED
[2026-01-25 23:53:21.506] [billing-thread-3] - 읽기 건수: 100000
[2026-01-25 23:53:21.506] [billing-thread-3] - 쓰기 성공: 100000
[2026-01-25 23:53:21.506] [billing-thread-3] - 스킵 건수: 0
[2026-01-25 23:53:30.263] [billing-thread-2] --- [Step 종료] workerStep:partition4 ---
[2026-01-25 23:53:30.263] [billing-thread-2] - 최종 상태: COMPLETED
[2026-01-25 23:53:30.263] [billing-thread-2] - 읽기 건수: 100000
[2026-01-25 23:53:30.263] [billing-thread-2] - 쓰기 성공: 100000
[2026-01-25 23:53:30.263] [billing-thread-2] - 스킵 건수: 0
[2026-01-25 23:53:39.179] [billing-thread-1] --- [Step 종료] workerStep:partition3 ---
[2026-01-25 23:53:39.179] [billing-thread-1] - 최종 상태: COMPLETED
[2026-01-25 23:53:39.179] [billing-thread-1] - 읽기 건수: 100000
[2026-01-25 23:53:39.180] [billing-thread-1] - 쓰기 성공: 100000
[2026-01-25 23:53:39.180] [billing-thread-1] - 스킵 건수: 0
[2026-01-25 23:53:39.281] [billing-thread-10] --- [Step 종료] workerStep:partition1 ---
[2026-01-25 23:53:39.281] [billing-thread-10] - 최종 상태: COMPLETED
[2026-01-25 23:53:39.281] [billing-thread-10] - 읽기 건수: 100000
[2026-01-25 23:53:39.282] [billing-thread-10] - 쓰기 성공: 100000
[2026-01-25 23:53:39.282] [billing-thread-10] - 스킵 건수: 0
[2026-01-25 23:53:39.300] [billing-thread-9] --- [Step 종료] workerStep:partition2 ---
[2026-01-25 23:53:39.300] [billing-thread-9] - 최종 상태: COMPLETED
[2026-01-25 23:53:39.301] [billing-thread-9] - 읽기 건수: 100000
[2026-01-25 23:53:39.301] [billing-thread-9] - 쓰기 성공: 100000
[2026-01-25 23:53:39.301] [billing-thread-9] - 스킵 건수: 0
[2026-01-25 23:53:40.816] [billing-thread-5] --- [Step 종료] workerStep:partition0 ---
[2026-01-25 23:53:40.816] [billing-thread-5] - 최종 상태: COMPLETED
[2026-01-25 23:53:40.816] [billing-thread-5] - 읽기 건수: 100000
[2026-01-25 23:53:40.816] [billing-thread-5] - 쓰기 성공: 100000
[2026-01-25 23:53:40.816] [billing-thread-5] - 스킵 건수: 0
[2026-01-25 23:53:41.483] [http-nio-8081-exec-1] >>> [AfterJob] 최종 실행 상태 : exitCode=COMPLETED;exitDescription=
[2026-01-25 23:53:41.483] [http-nio-8081-exec-1] ========== 정산 배치 파일 리다이렉션 종료 ==========
