[2026-01-26 00:04:18.104] [http-nio-8081-exec-2] ========== 정산 배치 파일 리다이렉션 시작 ==========
[2026-01-26 00:04:18.105] [http-nio-8081-exec-2] >>> 정산 대상 월 (Param): 2025-12-01
[2026-01-26 00:04:28.406] [billing-thread-4] --- [Step 시작] workerStep:partition6 ---
[2026-01-26 00:04:28.432] [billing-thread-8] --- [Step 시작] workerStep:partition4 ---
[2026-01-26 00:04:28.453] [billing-thread-5] --- [Step 시작] workerStep:partition0 ---
[2026-01-26 00:04:28.484] [billing-thread-1] --- [Step 시작] workerStep:partition8 ---
[2026-01-26 00:04:28.554] [billing-thread-3] --- [Step 시작] workerStep:partition5 ---
[2026-01-26 00:04:28.577] [billing-thread-2] --- [Step 시작] workerStep:partition9 ---
[2026-01-26 00:04:28.597] [billing-thread-9] --- [Step 시작] workerStep:partition1 ---
[2026-01-26 00:04:28.618] [billing-thread-6] --- [Step 시작] workerStep:partition2 ---
[2026-01-26 00:04:28.637] [billing-thread-7] --- [Step 시작] workerStep:partition7 ---
[2026-01-26 00:04:28.738] [billing-thread-10] --- [Step 시작] workerStep:partition3 ---
[2026-01-26 00:10:12.342] [billing-thread-7] --- [Step 종료] workerStep:partition7 ---
[2026-01-26 00:10:12.355] [billing-thread-2] --- [Step 종료] workerStep:partition9 ---
[2026-01-26 00:10:12.355] [billing-thread-2] - 최종 상태: COMPLETED
[2026-01-26 00:10:12.355] [billing-thread-7] - 최종 상태: COMPLETED
[2026-01-26 00:10:12.423] [billing-thread-3] --- [Step 종료] workerStep:partition5 ---
[2026-01-26 00:10:12.423] [billing-thread-3] - 최종 상태: COMPLETED
[2026-01-26 00:10:12.741] [billing-thread-7] - 읽기 건수: 100000
[2026-01-26 00:10:12.741] [billing-thread-2] - 읽기 건수: 100000
[2026-01-26 00:10:12.741] [billing-thread-3] - 읽기 건수: 100000
[2026-01-26 00:10:12.741] [billing-thread-7] - 쓰기 성공: 100000
[2026-01-26 00:10:12.742] [billing-thread-7] - 스킵 건수: 0
[2026-01-26 00:10:12.742] [billing-thread-2] - 쓰기 성공: 100000
[2026-01-26 00:10:12.742] [billing-thread-3] - 쓰기 성공: 100000
[2026-01-26 00:10:12.742] [billing-thread-2] - 스킵 건수: 0
[2026-01-26 00:10:12.742] [billing-thread-3] - 스킵 건수: 0
[2026-01-26 00:10:15.150] [billing-thread-10] --- [Step 종료] workerStep:partition3 ---
[2026-01-26 00:10:15.150] [billing-thread-10] - 최종 상태: COMPLETED
[2026-01-26 00:10:15.150] [billing-thread-10] - 읽기 건수: 100000
[2026-01-26 00:10:15.150] [billing-thread-10] - 쓰기 성공: 100000
[2026-01-26 00:10:15.150] [billing-thread-10] - 스킵 건수: 0
[2026-01-26 00:10:15.288] [billing-thread-1] --- [Step 종료] workerStep:partition8 ---
[2026-01-26 00:10:15.288] [billing-thread-1] - 최종 상태: COMPLETED
[2026-01-26 00:10:15.290] [billing-thread-1] - 읽기 건수: 100000
[2026-01-26 00:10:15.290] [billing-thread-1] - 쓰기 성공: 100000
[2026-01-26 00:10:15.290] [billing-thread-1] - 스킵 건수: 0
[2026-01-26 00:10:15.347] [billing-thread-5] --- [Step 종료] workerStep:partition0 ---
[2026-01-26 00:10:15.347] [billing-thread-5] - 최종 상태: COMPLETED
[2026-01-26 00:10:15.347] [billing-thread-5] - 읽기 건수: 100000
[2026-01-26 00:10:15.347] [billing-thread-5] - 쓰기 성공: 100000
[2026-01-26 00:10:15.347] [billing-thread-5] - 스킵 건수: 0
[2026-01-26 00:10:18.864] [billing-thread-6] --- [Step 종료] workerStep:partition2 ---
[2026-01-26 00:10:18.864] [billing-thread-6] - 최종 상태: COMPLETED
[2026-01-26 00:10:18.864] [billing-thread-6] - 읽기 건수: 100000
[2026-01-26 00:10:18.864] [billing-thread-6] - 쓰기 성공: 100000
[2026-01-26 00:10:18.864] [billing-thread-6] - 스킵 건수: 0
[2026-01-26 00:10:19.031] [billing-thread-8] --- [Step 종료] workerStep:partition4 ---
[2026-01-26 00:10:19.031] [billing-thread-8] - 최종 상태: COMPLETED
[2026-01-26 00:10:19.032] [billing-thread-8] - 읽기 건수: 100000
[2026-01-26 00:10:19.032] [billing-thread-8] - 쓰기 성공: 100000
[2026-01-26 00:10:19.032] [billing-thread-8] - 스킵 건수: 0
[2026-01-26 00:10:19.357] [billing-thread-9] --- [Step 종료] workerStep:partition1 ---
[2026-01-26 00:10:19.362] [billing-thread-4] --- [Step 종료] workerStep:partition6 ---
[2026-01-26 00:10:19.363] [billing-thread-4] - 최종 상태: COMPLETED
[2026-01-26 00:10:19.363] [billing-thread-9] - 최종 상태: COMPLETED
[2026-01-26 00:10:19.363] [billing-thread-9] - 읽기 건수: 100000
[2026-01-26 00:10:19.363] [billing-thread-4] - 읽기 건수: 100000
[2026-01-26 00:10:19.363] [billing-thread-9] - 쓰기 성공: 100000
[2026-01-26 00:10:19.363] [billing-thread-4] - 쓰기 성공: 100000
[2026-01-26 00:10:19.363] [billing-thread-9] - 스킵 건수: 0
[2026-01-26 00:10:19.364] [billing-thread-4] - 스킵 건수: 0
[2026-01-26 00:10:20.371] [http-nio-8081-exec-2] >>> [AfterJob] 최종 실행 상태 : exitCode=COMPLETED;exitDescription=
[2026-01-26 00:10:20.372] [http-nio-8081-exec-2] ========== 정산 배치 파일 리다이렉션 종료 ==========
