[2026-01-25 23:14:13.908] [http-nio-8081-exec-1] ========== 정산 배치 파일 리다이렉션 시작 ==========
[2026-01-25 23:14:13.908] [http-nio-8081-exec-1] >>> 정산 대상 월 (Param): 2025-12-01
[2026-01-25 23:14:16.976] [billing-thread-1] --- [Step 시작] workerStep:partition0 ---
[2026-01-25 23:14:16.990] [billing-thread-2] --- [Step 시작] workerStep:partition4 ---
[2026-01-25 23:14:16.990] [billing-thread-3] --- [Step 시작] workerStep:partition7 ---
[2026-01-25 23:14:17.019] [billing-thread-4] --- [Step 시작] workerStep:partition9 ---
[2026-01-25 23:14:17.029] [billing-thread-5] --- [Step 시작] workerStep:partition6 ---
[2026-01-25 23:14:17.074] [billing-thread-6] --- [Step 시작] workerStep:partition1 ---
[2026-01-25 23:14:17.097] [billing-thread-8] --- [Step 시작] workerStep:partition2 ---
[2026-01-25 23:14:17.104] [billing-thread-7] --- [Step 시작] workerStep:partition5 ---
[2026-01-25 23:14:17.118] [billing-thread-9] --- [Step 시작] workerStep:partition8 ---
[2026-01-25 23:14:17.158] [billing-thread-10] --- [Step 시작] workerStep:partition3 ---
[2026-01-25 23:14:18.151] [billing-thread-2] --- [Step 종료] workerStep:partition4 ---
[2026-01-25 23:14:18.152] [billing-thread-2] - 최종 상태: COMPLETED
[2026-01-25 23:14:18.157] [billing-thread-2] - 읽기 건수: 0
[2026-01-25 23:14:18.157] [billing-thread-2] - 쓰기 성공: 0
[2026-01-25 23:14:18.158] [billing-thread-2] - 스킵 건수: 0
[2026-01-25 23:14:18.286] [billing-thread-3] --- [Step 종료] workerStep:partition7 ---
[2026-01-25 23:14:18.287] [billing-thread-3] - 최종 상태: COMPLETED
[2026-01-25 23:14:18.287] [billing-thread-3] - 읽기 건수: 0
[2026-01-25 23:14:18.287] [billing-thread-3] - 쓰기 성공: 0
[2026-01-25 23:14:18.287] [billing-thread-3] - 스킵 건수: 0
[2026-01-25 23:14:18.402] [billing-thread-6] --- [Step 종료] workerStep:partition1 ---
[2026-01-25 23:14:18.402] [billing-thread-6] - 최종 상태: COMPLETED
[2026-01-25 23:14:18.403] [billing-thread-6] - 읽기 건수: 0
[2026-01-25 23:14:18.403] [billing-thread-6] - 쓰기 성공: 0
[2026-01-25 23:14:18.403] [billing-thread-6] - 스킵 건수: 0
[2026-01-25 23:14:18.434] [billing-thread-4] --- [Step 종료] workerStep:partition9 ---
[2026-01-25 23:14:18.434] [billing-thread-4] - 최종 상태: COMPLETED
[2026-01-25 23:14:18.435] [billing-thread-4] - 읽기 건수: 0
[2026-01-25 23:14:18.435] [billing-thread-4] - 쓰기 성공: 0
[2026-01-25 23:14:18.435] [billing-thread-4] - 스킵 건수: 0
[2026-01-25 23:14:18.445] [billing-thread-1] --- [Step 종료] workerStep:partition0 ---
[2026-01-25 23:14:18.445] [billing-thread-1] - 최종 상태: COMPLETED
[2026-01-25 23:14:18.445] [billing-thread-1] - 읽기 건수: 0
[2026-01-25 23:14:18.446] [billing-thread-1] - 쓰기 성공: 0
[2026-01-25 23:14:18.446] [billing-thread-1] - 스킵 건수: 0
[2026-01-25 23:14:18.706] [billing-thread-7] --- [Step 종료] workerStep:partition5 ---
[2026-01-25 23:14:18.707] [billing-thread-5] --- [Step 종료] workerStep:partition6 ---
[2026-01-25 23:14:18.707] [billing-thread-5] - 최종 상태: COMPLETED
[2026-01-25 23:14:18.707] [billing-thread-7] - 최종 상태: COMPLETED
[2026-01-25 23:14:18.707] [billing-thread-5] - 읽기 건수: 0
[2026-01-25 23:14:18.707] [billing-thread-7] - 읽기 건수: 0
[2026-01-25 23:14:18.708] [billing-thread-5] - 쓰기 성공: 0
[2026-01-25 23:14:18.708] [billing-thread-5] - 스킵 건수: 0
[2026-01-25 23:14:18.708] [billing-thread-7] - 쓰기 성공: 0
[2026-01-25 23:14:18.708] [billing-thread-7] - 스킵 건수: 0
[2026-01-25 23:14:18.800] [billing-thread-9] --- [Step 종료] workerStep:partition8 ---
[2026-01-25 23:14:18.800] [billing-thread-9] - 최종 상태: COMPLETED
[2026-01-25 23:14:18.801] [billing-thread-9] - 읽기 건수: 0
[2026-01-25 23:14:18.801] [billing-thread-9] - 쓰기 성공: 0
[2026-01-25 23:14:18.801] [billing-thread-9] - 스킵 건수: 0
[2026-01-25 23:14:18.831] [billing-thread-8] --- [Step 종료] workerStep:partition2 ---
[2026-01-25 23:14:18.831] [billing-thread-8] - 최종 상태: COMPLETED
[2026-01-25 23:14:18.831] [billing-thread-8] - 읽기 건수: 0
[2026-01-25 23:14:18.832] [billing-thread-8] - 쓰기 성공: 0
[2026-01-25 23:14:18.832] [billing-thread-8] - 스킵 건수: 0
[2026-01-25 23:14:18.906] [billing-thread-10] --- [Step 종료] workerStep:partition3 ---
[2026-01-25 23:14:18.907] [billing-thread-10] - 최종 상태: COMPLETED
[2026-01-25 23:14:18.907] [billing-thread-10] - 읽기 건수: 0
[2026-01-25 23:14:18.907] [billing-thread-10] - 쓰기 성공: 0
[2026-01-25 23:14:18.907] [billing-thread-10] - 스킵 건수: 0
[2026-01-25 23:14:19.422] [http-nio-8081-exec-1] >>> [AfterJob] 최종 실행 상태 : exitCode=COMPLETED;exitDescription=
[2026-01-25 23:14:19.422] [http-nio-8081-exec-1] ========== 정산 배치 파일 리다이렉션 종료 ==========
[2026-01-25 23:14:24.458] [http-nio-8081-exec-2] ========== 정산 배치 파일 리다이렉션 시작 ==========
[2026-01-25 23:14:24.458] [http-nio-8081-exec-2] >>> 정산 대상 월 (Param): 2025-12-01
[2026-01-25 23:14:27.698] [billing-thread-2] --- [Step 시작] workerStep:partition1 ---
[2026-01-25 23:14:27.699] [billing-thread-1] --- [Step 시작] workerStep:partition9 ---
[2026-01-25 23:14:27.722] [billing-thread-3] --- [Step 시작] workerStep:partition5 ---
[2026-01-25 23:14:27.742] [billing-thread-4] --- [Step 시작] workerStep:partition8 ---
[2026-01-25 23:14:27.763] [billing-thread-5] --- [Step 시작] workerStep:partition4 ---
[2026-01-25 23:14:27.773] [billing-thread-7] --- [Step 시작] workerStep:partition7 ---
[2026-01-25 23:14:27.796] [billing-thread-8] --- [Step 시작] workerStep:partition6 ---
[2026-01-25 23:14:27.815] [billing-thread-6] --- [Step 시작] workerStep:partition0 ---
[2026-01-25 23:14:27.841] [billing-thread-10] --- [Step 시작] workerStep:partition3 ---
[2026-01-25 23:14:27.841] [billing-thread-9] --- [Step 시작] workerStep:partition2 ---
[2026-01-25 23:14:28.890] [billing-thread-2] --- [Step 종료] workerStep:partition1 ---
[2026-01-25 23:14:28.891] [billing-thread-2] - 최종 상태: COMPLETED
[2026-01-25 23:14:28.891] [billing-thread-2] - 읽기 건수: 0
[2026-01-25 23:14:28.891] [billing-thread-2] - 쓰기 성공: 0
[2026-01-25 23:14:28.891] [billing-thread-2] - 스킵 건수: 0
[2026-01-25 23:14:29.314] [billing-thread-5] --- [Step 종료] workerStep:partition4 ---
[2026-01-25 23:14:29.314] [billing-thread-5] - 최종 상태: COMPLETED
[2026-01-25 23:14:29.315] [billing-thread-5] - 읽기 건수: 0
[2026-01-25 23:14:29.315] [billing-thread-5] - 쓰기 성공: 0
[2026-01-25 23:14:29.315] [billing-thread-5] - 스킵 건수: 0
[2026-01-25 23:14:29.492] [billing-thread-7] --- [Step 종료] workerStep:partition7 ---
[2026-01-25 23:14:29.492] [billing-thread-7] - 최종 상태: COMPLETED
[2026-01-25 23:14:29.492] [billing-thread-7] - 읽기 건수: 0
[2026-01-25 23:14:29.492] [billing-thread-7] - 쓰기 성공: 0
[2026-01-25 23:14:29.492] [billing-thread-7] - 스킵 건수: 0
[2026-01-25 23:14:29.561] [billing-thread-1] --- [Step 종료] workerStep:partition9 ---
[2026-01-25 23:14:29.561] [billing-thread-1] - 최종 상태: COMPLETED
[2026-01-25 23:14:29.561] [billing-thread-1] - 읽기 건수: 0
[2026-01-25 23:14:29.561] [billing-thread-1] - 쓰기 성공: 0
[2026-01-25 23:14:29.561] [billing-thread-1] - 스킵 건수: 0
[2026-01-25 23:14:29.803] [billing-thread-8] --- [Step 종료] workerStep:partition6 ---
[2026-01-25 23:14:29.803] [billing-thread-8] - 최종 상태: COMPLETED
[2026-01-25 23:14:29.803] [billing-thread-8] - 읽기 건수: 0
[2026-01-25 23:14:29.803] [billing-thread-8] - 쓰기 성공: 0
[2026-01-25 23:14:29.804] [billing-thread-8] - 스킵 건수: 0
[2026-01-25 23:14:29.958] [billing-thread-4] --- [Step 종료] workerStep:partition8 ---
[2026-01-25 23:14:29.958] [billing-thread-4] - 최종 상태: COMPLETED
[2026-01-25 23:14:29.958] [billing-thread-4] - 읽기 건수: 0
[2026-01-25 23:14:29.958] [billing-thread-4] - 쓰기 성공: 0
[2026-01-25 23:14:29.958] [billing-thread-4] - 스킵 건수: 0
[2026-01-25 23:14:30.033] [billing-thread-3] --- [Step 종료] workerStep:partition5 ---
[2026-01-25 23:14:30.033] [billing-thread-3] - 최종 상태: COMPLETED
[2026-01-25 23:14:30.033] [billing-thread-3] - 읽기 건수: 0
[2026-01-25 23:14:30.033] [billing-thread-3] - 쓰기 성공: 0
[2026-01-25 23:14:30.034] [billing-thread-3] - 스킵 건수: 0
[2026-01-25 23:14:30.073] [billing-thread-10] --- [Step 종료] workerStep:partition3 ---
[2026-01-25 23:14:30.073] [billing-thread-10] - 최종 상태: COMPLETED
[2026-01-25 23:14:30.074] [billing-thread-10] - 읽기 건수: 0
[2026-01-25 23:14:30.074] [billing-thread-10] - 쓰기 성공: 0
[2026-01-25 23:14:30.074] [billing-thread-10] - 스킵 건수: 0
[2026-01-25 23:14:30.085] [billing-thread-9] --- [Step 종료] workerStep:partition2 ---
[2026-01-25 23:14:30.085] [billing-thread-9] - 최종 상태: COMPLETED
[2026-01-25 23:14:30.086] [billing-thread-9] - 읽기 건수: 0
[2026-01-25 23:14:30.086] [billing-thread-9] - 쓰기 성공: 0
[2026-01-25 23:14:30.086] [billing-thread-9] - 스킵 건수: 0
[2026-01-25 23:14:30.115] [billing-thread-6] --- [Step 종료] workerStep:partition0 ---
[2026-01-25 23:14:30.116] [billing-thread-6] - 최종 상태: COMPLETED
[2026-01-25 23:14:30.120] [billing-thread-6] - 읽기 건수: 0
[2026-01-25 23:14:30.120] [billing-thread-6] - 쓰기 성공: 0
[2026-01-25 23:14:30.120] [billing-thread-6] - 스킵 건수: 0
[2026-01-25 23:14:30.731] [http-nio-8081-exec-2] >>> [AfterJob] 최종 실행 상태 : exitCode=COMPLETED;exitDescription=
[2026-01-25 23:14:30.731] [http-nio-8081-exec-2] ========== 정산 배치 파일 리다이렉션 종료 ==========
