[2026-01-26 20:44:54.567] [http-nio-8081-exec-1] ========== 정산 배치 파일 리다이렉션 시작 ==========
[2026-01-26 20:44:54.568] [http-nio-8081-exec-1] >>> 정산 대상 월 (Param): 2025-12-01
[2026-01-26 20:45:00.173] [billing-thread-1] --- [Step 시작] workerStep:partition1 ---
[2026-01-26 20:45:00.182] [billing-thread-5] --- [Step 시작] workerStep:partition0 ---
[2026-01-26 20:45:00.281] [billing-thread-4] --- [Step 시작] workerStep:partition5 ---
[2026-01-26 20:45:00.291] [billing-thread-3] --- [Step 시작] workerStep:partition8 ---
[2026-01-26 20:45:00.376] [billing-thread-2] --- [Step 시작] workerStep:partition6 ---
[2026-01-26 20:45:00.422] [billing-thread-6] --- [Step 시작] workerStep:partition2 ---
[2026-01-26 20:45:00.442] [billing-thread-8] --- [Step 시작] workerStep:partition7 ---
[2026-01-26 20:45:00.463] [billing-thread-7] --- [Step 시작] workerStep:partition3 ---
[2026-01-26 20:45:00.483] [billing-thread-9] --- [Step 시작] workerStep:partition9 ---
[2026-01-26 20:45:00.504] [billing-thread-10] --- [Step 시작] workerStep:partition4 ---
[2026-01-26 20:45:01.383] [billing-thread-1] --- [Step 종료] workerStep:partition1 ---
[2026-01-26 20:45:01.384] [billing-thread-1] - 최종 상태: COMPLETED
[2026-01-26 20:45:01.385] [billing-thread-1] - 읽기 건수: 0
[2026-01-26 20:45:01.385] [billing-thread-1] - 쓰기 성공: 0
[2026-01-26 20:45:01.385] [billing-thread-1] - 스킵 건수: 0
[2026-01-26 20:45:01.427] [billing-thread-4] --- [Step 종료] workerStep:partition5 ---
[2026-01-26 20:45:01.427] [billing-thread-4] - 최종 상태: COMPLETED
[2026-01-26 20:45:01.427] [billing-thread-4] - 읽기 건수: 0
[2026-01-26 20:45:01.427] [billing-thread-4] - 쓰기 성공: 0
[2026-01-26 20:45:01.427] [billing-thread-4] - 스킵 건수: 0
[2026-01-26 20:45:01.544] [billing-thread-5] --- [Step 종료] workerStep:partition0 ---
[2026-01-26 20:45:01.544] [billing-thread-5] - 최종 상태: COMPLETED
[2026-01-26 20:45:01.544] [billing-thread-5] - 읽기 건수: 0
[2026-01-26 20:45:01.544] [billing-thread-5] - 쓰기 성공: 0
[2026-01-26 20:45:01.544] [billing-thread-5] - 스킵 건수: 0
[2026-01-26 20:45:01.629] [billing-thread-10] --- [Step 종료] workerStep:partition4 ---
[2026-01-26 20:45:01.630] [billing-thread-10] - 최종 상태: COMPLETED
[2026-01-26 20:45:01.630] [billing-thread-10] - 읽기 건수: 0
[2026-01-26 20:45:01.630] [billing-thread-10] - 쓰기 성공: 0
[2026-01-26 20:45:01.630] [billing-thread-10] - 스킵 건수: 0
[2026-01-26 20:45:01.696] [billing-thread-7] --- [Step 종료] workerStep:partition3 ---
[2026-01-26 20:45:01.696] [billing-thread-7] - 최종 상태: COMPLETED
[2026-01-26 20:45:01.697] [billing-thread-7] - 읽기 건수: 0
[2026-01-26 20:45:01.697] [billing-thread-7] - 쓰기 성공: 0
[2026-01-26 20:45:01.697] [billing-thread-7] - 스킵 건수: 0
[2026-01-26 20:45:01.719] [billing-thread-6] --- [Step 종료] workerStep:partition2 ---
[2026-01-26 20:45:01.721] [billing-thread-6] - 최종 상태: COMPLETED
[2026-01-26 20:45:01.721] [billing-thread-6] - 읽기 건수: 0
[2026-01-26 20:45:01.721] [billing-thread-6] - 쓰기 성공: 0
[2026-01-26 20:45:01.721] [billing-thread-6] - 스킵 건수: 0
[2026-01-26 20:45:01.780] [billing-thread-3] --- [Step 종료] workerStep:partition8 ---
[2026-01-26 20:45:01.780] [billing-thread-3] - 최종 상태: COMPLETED
[2026-01-26 20:45:01.780] [billing-thread-3] - 읽기 건수: 0
[2026-01-26 20:45:01.780] [billing-thread-3] - 쓰기 성공: 0
[2026-01-26 20:45:01.780] [billing-thread-3] - 스킵 건수: 0
[2026-01-26 20:45:01.800] [billing-thread-8] --- [Step 종료] workerStep:partition7 ---
[2026-01-26 20:45:01.800] [billing-thread-8] - 최종 상태: COMPLETED
[2026-01-26 20:45:01.800] [billing-thread-8] - 읽기 건수: 0
[2026-01-26 20:45:01.800] [billing-thread-8] - 쓰기 성공: 0
[2026-01-26 20:45:01.800] [billing-thread-8] - 스킵 건수: 0
[2026-01-26 20:45:01.824] [billing-thread-2] --- [Step 종료] workerStep:partition6 ---
[2026-01-26 20:45:01.825] [billing-thread-2] - 최종 상태: COMPLETED
[2026-01-26 20:45:01.825] [billing-thread-2] - 읽기 건수: 0
[2026-01-26 20:45:01.825] [billing-thread-2] - 쓰기 성공: 0
[2026-01-26 20:45:01.825] [billing-thread-2] - 스킵 건수: 0
[2026-01-26 20:45:04.557] [billing-thread-9] --- [Step 종료] workerStep:partition9 ---
[2026-01-26 20:45:04.557] [billing-thread-9] - 최종 상태: COMPLETED
[2026-01-26 20:45:04.557] [billing-thread-9] - 읽기 건수: 15
[2026-01-26 20:45:04.557] [billing-thread-9] - 쓰기 성공: 0
[2026-01-26 20:45:04.557] [billing-thread-9] - 스킵 건수: 15
[2026-01-26 20:45:05.223] [http-nio-8081-exec-1] >>> [AfterJob] 최종 실행 상태 : exitCode=COMPLETED;exitDescription=
[2026-01-26 20:45:05.223] [http-nio-8081-exec-1] ========== 정산 배치 파일 리다이렉션 종료 ==========
