[2026-01-26 21:30:06.521] [http-nio-8081-exec-1] ========== 정산 배치 파일 리다이렉션 시작 ==========
[2026-01-26 21:30:06.522] [http-nio-8081-exec-1] >>> 정산 대상 월 (Param): 2025-12-01
[2026-01-26 21:30:10.459] [billing-thread-2] --- [Step 시작] workerStep:partition6 ---
[2026-01-26 21:30:10.562] [billing-thread-3] --- [Step 시작] workerStep:partition8 ---
[2026-01-26 21:30:10.562] [billing-thread-8] --- [Step 시작] workerStep:partition4 ---
[2026-01-26 21:30:10.639] [billing-thread-4] --- [Step 시작] workerStep:partition0 ---
[2026-01-26 21:30:10.645] [billing-thread-1] --- [Step 시작] workerStep:partition3 ---
[2026-01-26 21:30:10.739] [billing-thread-5] --- [Step 시작] workerStep:partition1 ---
[2026-01-26 21:30:10.771] [billing-thread-9] --- [Step 시작] workerStep:partition2 ---
[2026-01-26 21:30:10.897] [billing-thread-6] --- [Step 시작] workerStep:partition7 ---
[2026-01-26 21:30:10.950] [billing-thread-7] --- [Step 시작] workerStep:partition9 ---
[2026-01-26 21:30:11.031] [billing-thread-10] --- [Step 시작] workerStep:partition5 ---
[2026-01-26 21:34:45.585] [billing-thread-3] --- [Step 종료] workerStep:partition8 ---
[2026-01-26 21:34:45.636] [billing-thread-3] - 최종 상태: COMPLETED
[2026-01-26 21:34:47.692] [billing-thread-3] - 읽기 건수: 85003
[2026-01-26 21:34:47.693] [billing-thread-3] - 쓰기 성공: 85003
[2026-01-26 21:34:47.694] [billing-thread-3] - 스킵 건수: 0
[2026-01-26 21:34:48.145] [billing-thread-1] --- [Step 종료] workerStep:partition3 ---
[2026-01-26 21:34:48.146] [billing-thread-8] --- [Step 종료] workerStep:partition4 ---
[2026-01-26 21:34:48.146] [billing-thread-8] - 최종 상태: COMPLETED
[2026-01-26 21:34:48.146] [billing-thread-1] - 최종 상태: COMPLETED
[2026-01-26 21:34:48.146] [billing-thread-8] - 읽기 건수: 85003
[2026-01-26 21:34:48.146] [billing-thread-8] - 쓰기 성공: 85003
[2026-01-26 21:34:48.146] [billing-thread-1] - 읽기 건수: 85003
[2026-01-26 21:34:48.147] [billing-thread-8] - 스킵 건수: 0
[2026-01-26 21:34:48.147] [billing-thread-1] - 쓰기 성공: 85003
[2026-01-26 21:34:48.147] [billing-thread-1] - 스킵 건수: 0
[2026-01-26 21:34:48.270] [billing-thread-2] --- [Step 종료] workerStep:partition6 ---
[2026-01-26 21:34:48.270] [billing-thread-2] - 최종 상태: COMPLETED
[2026-01-26 21:34:48.270] [billing-thread-2] - 읽기 건수: 85003
[2026-01-26 21:34:48.270] [billing-thread-2] - 쓰기 성공: 85003
[2026-01-26 21:34:48.270] [billing-thread-2] - 스킵 건수: 0
[2026-01-26 21:34:50.921] [billing-thread-5] --- [Step 종료] workerStep:partition1 ---
[2026-01-26 21:34:50.921] [billing-thread-5] - 최종 상태: COMPLETED
[2026-01-26 21:34:50.935] [billing-thread-4] --- [Step 종료] workerStep:partition0 ---
[2026-01-26 21:34:50.935] [billing-thread-4] - 최종 상태: COMPLETED
[2026-01-26 21:34:50.938] [billing-thread-4] - 읽기 건수: 85003
[2026-01-26 21:34:50.938] [billing-thread-5] - 읽기 건수: 86003
[2026-01-26 21:34:50.939] [billing-thread-4] - 쓰기 성공: 85003
[2026-01-26 21:34:50.939] [billing-thread-4] - 스킵 건수: 0
[2026-01-26 21:34:50.939] [billing-thread-5] - 쓰기 성공: 86003
[2026-01-26 21:34:50.939] [billing-thread-5] - 스킵 건수: 0
[2026-01-26 21:34:50.998] [billing-thread-10] --- [Step 종료] workerStep:partition5 ---
[2026-01-26 21:34:51.000] [billing-thread-10] - 최종 상태: COMPLETED
[2026-01-26 21:34:51.000] [billing-thread-10] - 읽기 건수: 85003
[2026-01-26 21:34:51.000] [billing-thread-10] - 쓰기 성공: 85003
[2026-01-26 21:34:51.000] [billing-thread-10] - 스킵 건수: 0
[2026-01-26 21:34:53.641] [billing-thread-6] --- [Step 종료] workerStep:partition7 ---
[2026-01-26 21:34:53.642] [billing-thread-6] - 최종 상태: COMPLETED
[2026-01-26 21:34:53.644] [billing-thread-6] - 읽기 건수: 86003
[2026-01-26 21:34:53.644] [billing-thread-6] - 쓰기 성공: 86003
[2026-01-26 21:34:53.644] [billing-thread-6] - 스킵 건수: 0
[2026-01-26 21:34:54.062] [billing-thread-9] --- [Step 종료] workerStep:partition2 ---
[2026-01-26 21:34:54.066] [billing-thread-9] - 최종 상태: COMPLETED
[2026-01-26 21:34:54.068] [billing-thread-9] - 읽기 건수: 86003
[2026-01-26 21:34:54.068] [billing-thread-9] - 쓰기 성공: 86003
[2026-01-26 21:34:54.068] [billing-thread-9] - 스킵 건수: 0
[2026-01-26 21:35:04.058] [billing-thread-7] --- [Step 종료] workerStep:partition9 ---
[2026-01-26 21:35:04.059] [billing-thread-7] - 최종 상태: COMPLETED
[2026-01-26 21:35:04.060] [billing-thread-7] - 읽기 건수: 84988
[2026-01-26 21:35:04.060] [billing-thread-7] - 쓰기 성공: 84973
[2026-01-26 21:35:04.060] [billing-thread-7] - 스킵 건수: 15
[2026-01-26 21:35:04.734] [http-nio-8081-exec-1] >>> [AfterJob] 최종 실행 상태 : exitCode=COMPLETED;exitDescription=
[2026-01-26 21:35:04.734] [http-nio-8081-exec-1] ========== 정산 배치 파일 리다이렉션 종료 ==========
