[2026-01-25 22:57:28.541] [http-nio-8081-exec-1] ========== 정산 배치 파일 리다이렉션 시작 ==========
[2026-01-25 22:57:28.541] [http-nio-8081-exec-1] >>> 정산 대상 월 (Param): 2025-12-01
[2026-01-25 22:57:31.661] [billing-thread-3] --- [Step 시작] workerStep:partition6 ---
[2026-01-25 22:57:31.682] [billing-thread-5] --- [Step 시작] workerStep:partition1 ---
[2026-01-25 22:57:31.702] [billing-thread-4] --- [Step 시작] workerStep:partition0 ---
[2026-01-25 22:57:31.723] [billing-thread-2] --- [Step 시작] workerStep:partition4 ---
[2026-01-25 22:57:31.743] [billing-thread-1] --- [Step 시작] workerStep:partition9 ---
[2026-01-25 22:57:31.754] [billing-thread-6] --- [Step 시작] workerStep:partition7 ---
[2026-01-25 22:57:31.787] [billing-thread-7] --- [Step 시작] workerStep:partition8 ---
[2026-01-25 22:57:31.788] [billing-thread-8] --- [Step 시작] workerStep:partition2 ---
[2026-01-25 22:57:31.808] [billing-thread-9] --- [Step 시작] workerStep:partition3 ---
[2026-01-25 22:57:31.827] [billing-thread-10] --- [Step 시작] workerStep:partition5 ---
[2026-01-25 22:57:33.781] [billing-thread-2] --- [Step 종료] workerStep:partition4 ---
[2026-01-25 22:57:33.781] [billing-thread-2] - 최종 상태: COMPLETED
[2026-01-25 22:57:33.786] [billing-thread-2] - 읽기 건수: 0
[2026-01-25 22:57:33.786] [billing-thread-2] - 쓰기 성공: 0
[2026-01-25 22:57:33.786] [billing-thread-2] - 스킵 건수: 0
[2026-01-25 22:57:34.111] [billing-thread-10] --- [Step 종료] workerStep:partition5 ---
[2026-01-25 22:57:34.112] [billing-thread-10] - 최종 상태: COMPLETED
[2026-01-25 22:57:34.112] [billing-thread-10] - 읽기 건수: 0
[2026-01-25 22:57:34.112] [billing-thread-10] - 쓰기 성공: 0
[2026-01-25 22:57:34.112] [billing-thread-10] - 스킵 건수: 0
[2026-01-25 22:57:34.121] [billing-thread-5] --- [Step 종료] workerStep:partition1 ---
[2026-01-25 22:57:34.122] [billing-thread-5] - 최종 상태: COMPLETED
[2026-01-25 22:57:34.122] [billing-thread-5] - 읽기 건수: 0
[2026-01-25 22:57:34.122] [billing-thread-5] - 쓰기 성공: 0
[2026-01-25 22:57:34.122] [billing-thread-5] - 스킵 건수: 0
[2026-01-25 22:57:34.208] [billing-thread-1] --- [Step 종료] workerStep:partition9 ---
[2026-01-25 22:57:34.208] [billing-thread-1] - 최종 상태: COMPLETED
[2026-01-25 22:57:34.209] [billing-thread-1] - 읽기 건수: 0
[2026-01-25 22:57:34.209] [billing-thread-1] - 쓰기 성공: 0
[2026-01-25 22:57:34.209] [billing-thread-1] - 스킵 건수: 0
[2026-01-25 22:57:34.260] [billing-thread-8] --- [Step 종료] workerStep:partition2 ---
[2026-01-25 22:57:34.260] [billing-thread-8] - 최종 상태: COMPLETED
[2026-01-25 22:57:34.260] [billing-thread-8] - 읽기 건수: 0
[2026-01-25 22:57:34.260] [billing-thread-8] - 쓰기 성공: 0
[2026-01-25 22:57:34.260] [billing-thread-8] - 스킵 건수: 0
[2026-01-25 22:57:34.311] [billing-thread-9] --- [Step 종료] workerStep:partition3 ---
[2026-01-25 22:57:34.311] [billing-thread-9] - 최종 상태: COMPLETED
[2026-01-25 22:57:34.312] [billing-thread-9] - 읽기 건수: 0
[2026-01-25 22:57:34.312] [billing-thread-9] - 쓰기 성공: 0
[2026-01-25 22:57:34.312] [billing-thread-9] - 스킵 건수: 0
[2026-01-25 22:57:34.352] [billing-thread-4] --- [Step 종료] workerStep:partition0 ---
[2026-01-25 22:57:34.353] [billing-thread-4] - 최종 상태: COMPLETED
[2026-01-25 22:57:34.353] [billing-thread-4] - 읽기 건수: 0
[2026-01-25 22:57:34.353] [billing-thread-4] - 쓰기 성공: 0
[2026-01-25 22:57:34.353] [billing-thread-4] - 스킵 건수: 0
[2026-01-25 22:57:34.364] [billing-thread-3] --- [Step 종료] workerStep:partition6 ---
[2026-01-25 22:57:34.364] [billing-thread-3] - 최종 상태: COMPLETED
[2026-01-25 22:57:34.364] [billing-thread-3] - 읽기 건수: 0
[2026-01-25 22:57:34.364] [billing-thread-3] - 쓰기 성공: 0
[2026-01-25 22:57:34.364] [billing-thread-3] - 스킵 건수: 0
[2026-01-25 22:57:34.417] [billing-thread-6] --- [Step 종료] workerStep:partition7 ---
[2026-01-25 22:57:34.417] [billing-thread-6] - 최종 상태: COMPLETED
[2026-01-25 22:57:34.417] [billing-thread-6] - 읽기 건수: 0
[2026-01-25 22:57:34.417] [billing-thread-6] - 쓰기 성공: 0
[2026-01-25 22:57:34.418] [billing-thread-6] - 스킵 건수: 0
[2026-01-25 22:57:34.451] [billing-thread-7] --- [Step 종료] workerStep:partition8 ---
[2026-01-25 22:57:34.451] [billing-thread-7] - 최종 상태: COMPLETED
[2026-01-25 22:57:34.452] [billing-thread-7] - 읽기 건수: 0
[2026-01-25 22:57:34.452] [billing-thread-7] - 쓰기 성공: 0
[2026-01-25 22:57:34.452] [billing-thread-7] - 스킵 건수: 0
[2026-01-25 22:57:35.071] [http-nio-8081-exec-1] >>> [AfterJob] 최종 실행 상태 : exitCode=COMPLETED;exitDescription=
[2026-01-25 22:57:35.071] [http-nio-8081-exec-1] ========== 정산 배치 파일 리다이렉션 종료 ==========
