[2026-01-27 02:23:36.829] [http-nio-8081-exec-1] ========== 정산 배치 파일 리다이렉션 시작 ==========
[2026-01-27 02:23:36.829] [http-nio-8081-exec-1] >>> 정산 대상 월 (Param): 2025-12-01
[2026-01-27 02:23:40.972] [billing-thread-2] --- [Step 시작] workerStep:partition0 ---
[2026-01-27 02:23:40.999] [billing-thread-8] --- [Step 시작] workerStep:partition5 ---
[2026-01-27 02:23:41.016] [billing-thread-3] --- [Step 시작] workerStep:partition3 ---
[2026-01-27 02:23:41.030] [billing-thread-1] --- [Step 시작] workerStep:partition9 ---
[2026-01-27 02:23:41.054] [billing-thread-10] --- [Step 시작] workerStep:partition7 ---
[2026-01-27 02:23:41.071] [billing-thread-7] --- [Step 시작] workerStep:partition2 ---
[2026-01-27 02:23:41.086] [billing-thread-5] --- [Step 시작] workerStep:partition8 ---
[2026-01-27 02:23:41.093] [billing-thread-4] --- [Step 시작] workerStep:partition1 ---
[2026-01-27 02:23:41.126] [billing-thread-9] --- [Step 시작] workerStep:partition6 ---
[2026-01-27 02:23:41.143] [billing-thread-6] --- [Step 시작] workerStep:partition4 ---
[2026-01-27 02:27:39.543] [billing-thread-7] --- [Step 종료] workerStep:partition2 ---
[2026-01-27 02:27:39.550] [billing-thread-10] --- [Step 종료] workerStep:partition7 ---
[2026-01-27 02:27:39.550] [billing-thread-10] - 최종 상태: COMPLETED
[2026-01-27 02:27:39.550] [billing-thread-7] - 최종 상태: COMPLETED
[2026-01-27 02:27:39.631] [billing-thread-3] --- [Step 종료] workerStep:partition3 ---
[2026-01-27 02:27:39.631] [billing-thread-3] - 최종 상태: COMPLETED
[2026-01-27 02:27:39.631] [billing-thread-8] --- [Step 종료] workerStep:partition5 ---
[2026-01-27 02:27:39.632] [billing-thread-8] - 최종 상태: COMPLETED
[2026-01-27 02:27:39.670] [billing-thread-8] - 읽기 건수: 100003
[2026-01-27 02:27:39.671] [billing-thread-7] - 읽기 건수: 100003
[2026-01-27 02:27:39.671] [billing-thread-8] - 쓰기 성공: 100003
[2026-01-27 02:27:39.671] [billing-thread-8] - 스킵 건수: 0
[2026-01-27 02:27:39.671] [billing-thread-10] - 읽기 건수: 100003
[2026-01-27 02:27:39.671] [billing-thread-3] - 읽기 건수: 100003
[2026-01-27 02:27:39.671] [billing-thread-10] - 쓰기 성공: 100003
[2026-01-27 02:27:39.671] [billing-thread-7] - 쓰기 성공: 100003
[2026-01-27 02:27:39.671] [billing-thread-10] - 스킵 건수: 0
[2026-01-27 02:27:39.672] [billing-thread-3] - 쓰기 성공: 100003
[2026-01-27 02:27:39.672] [billing-thread-7] - 스킵 건수: 0
[2026-01-27 02:27:39.672] [billing-thread-3] - 스킵 건수: 0
[2026-01-27 02:27:39.704] [billing-thread-4] --- [Step 종료] workerStep:partition1 ---
[2026-01-27 02:27:39.704] [billing-thread-4] - 최종 상태: COMPLETED
[2026-01-27 02:27:39.705] [billing-thread-4] - 읽기 건수: 100003
[2026-01-27 02:27:39.705] [billing-thread-4] - 쓰기 성공: 100003
[2026-01-27 02:27:39.705] [billing-thread-4] - 스킵 건수: 0
[2026-01-27 02:27:40.740] [billing-thread-5] --- [Step 종료] workerStep:partition8 ---
[2026-01-27 02:27:40.740] [billing-thread-5] - 최종 상태: COMPLETED
[2026-01-27 02:27:40.741] [billing-thread-5] - 읽기 건수: 100003
[2026-01-27 02:27:40.741] [billing-thread-5] - 쓰기 성공: 100003
[2026-01-27 02:27:40.741] [billing-thread-5] - 스킵 건수: 0
[2026-01-27 02:27:40.787] [billing-thread-6] --- [Step 종료] workerStep:partition4 ---
[2026-01-27 02:27:40.787] [billing-thread-6] - 최종 상태: COMPLETED
[2026-01-27 02:27:40.788] [billing-thread-6] - 읽기 건수: 100003
[2026-01-27 02:27:40.788] [billing-thread-6] - 쓰기 성공: 100003
[2026-01-27 02:27:40.788] [billing-thread-6] - 스킵 건수: 0
[2026-01-27 02:27:40.829] [billing-thread-9] --- [Step 종료] workerStep:partition6 ---
[2026-01-27 02:27:40.829] [billing-thread-9] - 최종 상태: COMPLETED
[2026-01-27 02:27:40.830] [billing-thread-9] - 읽기 건수: 100003
[2026-01-27 02:27:40.830] [billing-thread-9] - 쓰기 성공: 100003
[2026-01-27 02:27:40.830] [billing-thread-9] - 스킵 건수: 0
[2026-01-27 02:27:40.901] [billing-thread-2] --- [Step 종료] workerStep:partition0 ---
[2026-01-27 02:27:40.901] [billing-thread-2] - 최종 상태: COMPLETED
[2026-01-27 02:27:40.902] [billing-thread-2] - 읽기 건수: 100003
[2026-01-27 02:27:40.902] [billing-thread-2] - 쓰기 성공: 100003
[2026-01-27 02:27:40.902] [billing-thread-2] - 스킵 건수: 0
[2026-01-27 02:27:43.374] [billing-thread-1] --- [Step 종료] workerStep:partition9 ---
[2026-01-27 02:27:43.375] [billing-thread-1] - 최종 상태: COMPLETED
[2026-01-27 02:27:43.375] [billing-thread-1] - 읽기 건수: 99988
[2026-01-27 02:27:43.375] [billing-thread-1] - 쓰기 성공: 99973
[2026-01-27 02:27:43.375] [billing-thread-1] - 스킵 건수: 15
[2026-01-27 02:27:44.035] [http-nio-8081-exec-1] >>> [AfterJob] 최종 실행 상태 : exitCode=COMPLETED;exitDescription=
[2026-01-27 02:27:44.036] [http-nio-8081-exec-1] ========== 정산 배치 파일 리다이렉션 종료 ==========
