[2026-01-25 22:58:50.340] [http-nio-8081-exec-1] ========== 정산 배치 파일 리다이렉션 시작 ==========
[2026-01-25 22:58:50.340] [http-nio-8081-exec-1] >>> 정산 대상 월 (Param): 2025-12-01
[2026-01-25 22:58:53.287] [billing-thread-2] --- [Step 시작] workerStep:partition1 ---
[2026-01-25 22:58:53.289] [billing-thread-1] --- [Step 시작] workerStep:partition9 ---
[2026-01-25 22:58:53.322] [billing-thread-10] --- [Step 시작] workerStep:partition4 ---
[2026-01-25 22:58:53.339] [billing-thread-3] --- [Step 시작] workerStep:partition8 ---
[2026-01-25 22:58:53.360] [billing-thread-4] --- [Step 시작] workerStep:partition3 ---
[2026-01-25 22:58:53.373] [billing-thread-6] --- [Step 시작] workerStep:partition0 ---
[2026-01-25 22:58:53.394] [billing-thread-5] --- [Step 시작] workerStep:partition7 ---
[2026-01-25 22:58:53.413] [billing-thread-7] --- [Step 시작] workerStep:partition6 ---
[2026-01-25 22:58:53.443] [billing-thread-8] --- [Step 시작] workerStep:partition5 ---
[2026-01-25 22:58:53.457] [billing-thread-9] --- [Step 시작] workerStep:partition2 ---
[2026-01-25 22:58:54.296] [billing-thread-2] --- [Step 종료] workerStep:partition1 ---
[2026-01-25 22:58:54.297] [billing-thread-2] - 최종 상태: COMPLETED
[2026-01-25 22:58:54.300] [billing-thread-2] - 읽기 건수: 0
[2026-01-25 22:58:54.300] [billing-thread-2] - 쓰기 성공: 0
[2026-01-25 22:58:54.301] [billing-thread-2] - 스킵 건수: 0
[2026-01-25 22:58:54.392] [billing-thread-1] --- [Step 종료] workerStep:partition9 ---
[2026-01-25 22:58:54.392] [billing-thread-3] --- [Step 종료] workerStep:partition8 ---
[2026-01-25 22:58:54.392] [billing-thread-1] - 최종 상태: COMPLETED
[2026-01-25 22:58:54.393] [billing-thread-3] - 최종 상태: COMPLETED
[2026-01-25 22:58:54.393] [billing-thread-3] - 읽기 건수: 0
[2026-01-25 22:58:54.393] [billing-thread-1] - 읽기 건수: 0
[2026-01-25 22:58:54.393] [billing-thread-3] - 쓰기 성공: 0
[2026-01-25 22:58:54.393] [billing-thread-3] - 스킵 건수: 0
[2026-01-25 22:58:54.393] [billing-thread-1] - 쓰기 성공: 0
[2026-01-25 22:58:54.393] [billing-thread-1] - 스킵 건수: 0
[2026-01-25 22:58:54.489] [billing-thread-9] --- [Step 종료] workerStep:partition2 ---
[2026-01-25 22:58:54.490] [billing-thread-9] - 최종 상태: COMPLETED
[2026-01-25 22:58:54.490] [billing-thread-9] - 읽기 건수: 0
[2026-01-25 22:58:54.490] [billing-thread-9] - 쓰기 성공: 0
[2026-01-25 22:58:54.490] [billing-thread-9] - 스킵 건수: 0
[2026-01-25 22:58:54.559] [billing-thread-6] --- [Step 종료] workerStep:partition0 ---
[2026-01-25 22:58:54.559] [billing-thread-6] - 최종 상태: COMPLETED
[2026-01-25 22:58:54.560] [billing-thread-6] - 읽기 건수: 0
[2026-01-25 22:58:54.560] [billing-thread-6] - 쓰기 성공: 0
[2026-01-25 22:58:54.560] [billing-thread-6] - 스킵 건수: 0
[2026-01-25 22:58:54.591] [billing-thread-8] --- [Step 종료] workerStep:partition5 ---
[2026-01-25 22:58:54.591] [billing-thread-8] - 최종 상태: COMPLETED
[2026-01-25 22:58:54.592] [billing-thread-8] - 읽기 건수: 0
[2026-01-25 22:58:54.592] [billing-thread-8] - 쓰기 성공: 0
[2026-01-25 22:58:54.592] [billing-thread-8] - 스킵 건수: 0
[2026-01-25 22:58:54.612] [billing-thread-10] --- [Step 종료] workerStep:partition4 ---
[2026-01-25 22:58:54.612] [billing-thread-10] - 최종 상태: COMPLETED
[2026-01-25 22:58:54.612] [billing-thread-10] - 읽기 건수: 0
[2026-01-25 22:58:54.613] [billing-thread-10] - 쓰기 성공: 0
[2026-01-25 22:58:54.613] [billing-thread-10] - 스킵 건수: 0
[2026-01-25 22:58:54.665] [billing-thread-5] --- [Step 종료] workerStep:partition7 ---
[2026-01-25 22:58:54.665] [billing-thread-5] - 최종 상태: COMPLETED
[2026-01-25 22:58:54.665] [billing-thread-5] - 읽기 건수: 0
[2026-01-25 22:58:54.666] [billing-thread-5] - 쓰기 성공: 0
[2026-01-25 22:58:54.666] [billing-thread-5] - 스킵 건수: 0
[2026-01-25 22:58:54.707] [billing-thread-4] --- [Step 종료] workerStep:partition3 ---
[2026-01-25 22:58:54.708] [billing-thread-4] - 최종 상태: COMPLETED
[2026-01-25 22:58:54.709] [billing-thread-4] - 읽기 건수: 0
[2026-01-25 22:58:54.710] [billing-thread-4] - 쓰기 성공: 0
[2026-01-25 22:58:54.710] [billing-thread-7] --- [Step 종료] workerStep:partition6 ---
[2026-01-25 22:58:54.710] [billing-thread-7] - 최종 상태: COMPLETED
[2026-01-25 22:58:54.710] [billing-thread-7] - 읽기 건수: 0
[2026-01-25 22:58:54.710] [billing-thread-4] - 스킵 건수: 0
[2026-01-25 22:58:54.710] [billing-thread-7] - 쓰기 성공: 0
[2026-01-25 22:58:54.710] [billing-thread-7] - 스킵 건수: 0
[2026-01-25 22:58:55.209] [http-nio-8081-exec-1] >>> [AfterJob] 최종 실행 상태 : exitCode=COMPLETED;exitDescription=
[2026-01-25 22:58:55.209] [http-nio-8081-exec-1] ========== 정산 배치 파일 리다이렉션 종료 ==========
