[2026-01-26 10:48:56.423] [http-nio-8081-exec-1] ========== 정산 배치 파일 리다이렉션 시작 ==========
[2026-01-26 10:48:56.425] [http-nio-8081-exec-1] >>> 정산 대상 월 (Param): 2025-12-01
[2026-01-26 10:49:05.163] [billing-thread-1] --- [Step 시작] workerStep:partition3 ---
[2026-01-26 10:49:05.392] [billing-thread-4] --- [Step 시작] workerStep:partition4 ---
[2026-01-26 10:49:05.671] [billing-thread-10] --- [Step 시작] workerStep:partition5 ---
[2026-01-26 10:49:05.738] [billing-thread-7] --- [Step 시작] workerStep:partition7 ---
[2026-01-26 10:49:06.094] [billing-thread-8] --- [Step 시작] workerStep:partition0 ---
[2026-01-26 10:49:06.116] [billing-thread-3] --- [Step 시작] workerStep:partition1 ---
[2026-01-26 10:49:06.653] [billing-thread-6] --- [Step 시작] workerStep:partition2 ---
[2026-01-26 10:49:07.399] [billing-thread-5] --- [Step 시작] workerStep:partition6 ---
[2026-01-26 10:49:07.511] [billing-thread-2] --- [Step 시작] workerStep:partition8 ---
[2026-01-26 10:49:07.532] [billing-thread-9] --- [Step 시작] workerStep:partition9 ---
[2026-01-26 10:55:57.960] [billing-thread-4] --- [Step 종료] workerStep:partition4 ---
[2026-01-26 10:55:57.994] [billing-thread-7] --- [Step 종료] workerStep:partition7 ---
[2026-01-26 10:55:57.996] [billing-thread-4] - 최종 상태: COMPLETED
[2026-01-26 10:55:57.996] [billing-thread-7] - 최종 상태: COMPLETED
[2026-01-26 10:56:01.478] [billing-thread-7] - 읽기 건수: 100000
[2026-01-26 10:56:01.478] [billing-thread-7] - 쓰기 성공: 100000
[2026-01-26 10:56:01.478] [billing-thread-4] - 읽기 건수: 100000
[2026-01-26 10:56:01.478] [billing-thread-4] - 쓰기 성공: 100000
[2026-01-26 10:56:01.478] [billing-thread-7] - 스킵 건수: 0
[2026-01-26 10:56:01.479] [billing-thread-4] - 스킵 건수: 0
[2026-01-26 10:56:03.526] [billing-thread-10] --- [Step 종료] workerStep:partition5 ---
[2026-01-26 10:56:03.526] [billing-thread-10] - 최종 상태: COMPLETED
[2026-01-26 10:56:03.528] [billing-thread-10] - 읽기 건수: 100000
[2026-01-26 10:56:03.528] [billing-thread-10] - 쓰기 성공: 100000
[2026-01-26 10:56:03.528] [billing-thread-10] - 스킵 건수: 0
[2026-01-26 10:56:13.460] [billing-thread-5] --- [Step 종료] workerStep:partition6 ---
[2026-01-26 10:56:13.460] [billing-thread-5] - 최종 상태: COMPLETED
[2026-01-26 10:56:13.460] [billing-thread-5] - 읽기 건수: 100000
[2026-01-26 10:56:13.460] [billing-thread-5] - 쓰기 성공: 100000
[2026-01-26 10:56:13.462] [billing-thread-5] - 스킵 건수: 0
[2026-01-26 10:56:13.591] [billing-thread-8] --- [Step 종료] workerStep:partition0 ---
[2026-01-26 10:56:13.592] [billing-thread-8] - 최종 상태: COMPLETED
[2026-01-26 10:56:13.592] [billing-thread-8] - 읽기 건수: 100000
[2026-01-26 10:56:13.592] [billing-thread-8] - 쓰기 성공: 100000
[2026-01-26 10:56:13.592] [billing-thread-8] - 스킵 건수: 0
[2026-01-26 10:56:17.520] [billing-thread-9] --- [Step 종료] workerStep:partition9 ---
[2026-01-26 10:56:17.520] [billing-thread-9] - 최종 상태: COMPLETED
[2026-01-26 10:56:17.522] [billing-thread-9] - 읽기 건수: 100000
[2026-01-26 10:56:17.522] [billing-thread-9] - 쓰기 성공: 100000
[2026-01-26 10:56:17.522] [billing-thread-9] - 스킵 건수: 0
[2026-01-26 10:56:25.789] [billing-thread-3] --- [Step 종료] workerStep:partition1 ---
[2026-01-26 10:56:25.790] [billing-thread-3] - 최종 상태: COMPLETED
[2026-01-26 10:56:25.790] [billing-thread-3] - 읽기 건수: 100000
[2026-01-26 10:56:25.790] [billing-thread-3] - 쓰기 성공: 100000
[2026-01-26 10:56:25.790] [billing-thread-3] - 스킵 건수: 0
[2026-01-26 10:56:26.527] [billing-thread-2] --- [Step 종료] workerStep:partition8 ---
[2026-01-26 10:56:26.527] [billing-thread-2] - 최종 상태: COMPLETED
[2026-01-26 10:56:26.529] [billing-thread-2] - 읽기 건수: 100000
[2026-01-26 10:56:26.529] [billing-thread-2] - 쓰기 성공: 100000
[2026-01-26 10:56:26.529] [billing-thread-2] - 스킵 건수: 0
[2026-01-26 10:56:34.077] [billing-thread-1] --- [Step 종료] workerStep:partition3 ---
[2026-01-26 10:56:34.111] [billing-thread-1] - 최종 상태: COMPLETED
[2026-01-26 10:56:34.111] [billing-thread-1] - 읽기 건수: 100000
[2026-01-26 10:56:34.111] [billing-thread-1] - 쓰기 성공: 100000
[2026-01-26 10:56:34.111] [billing-thread-1] - 스킵 건수: 0
[2026-01-26 10:56:38.925] [billing-thread-6] --- [Step 종료] workerStep:partition2 ---
[2026-01-26 10:56:38.925] [billing-thread-6] - 최종 상태: COMPLETED
[2026-01-26 10:56:38.925] [billing-thread-6] - 읽기 건수: 100000
[2026-01-26 10:56:38.925] [billing-thread-6] - 쓰기 성공: 100000
[2026-01-26 10:56:38.926] [billing-thread-6] - 스킵 건수: 0
[2026-01-26 10:56:40.135] [http-nio-8081-exec-1] >>> [AfterJob] 최종 실행 상태 : exitCode=COMPLETED;exitDescription=
[2026-01-26 10:56:40.135] [http-nio-8081-exec-1] ========== 정산 배치 파일 리다이렉션 종료 ==========
